{
  "stats": {
    "suites": 1,
    "tests": 7,
    "passes": 7,
    "pending": 0,
    "failures": 0,
    "start": "2022-11-16T11:52:28.307Z",
    "end": "2022-11-16T11:52:49.341Z",
    "duration": 21034,
    "testsRegistered": 7,
    "passPercent": 100,
    "pendingPercent": 0,
    "other": 0,
    "hasOther": false,
    "skipped": 0,
    "hasSkipped": false
  },
  "results": [
    {
      "uuid": "ae7c61cf-3ac8-4e3f-9310-71ce5d0de111",
      "title": "",
      "fullFile": "cypress\\e2e\\3-ALURAPIC\\alurapic.cy.js",
      "file": "cypress\\e2e\\3-ALURAPIC\\alurapic.cy.js",
      "beforeHooks": [],
      "afterHooks": [],
      "tests": [],
      "suites": [
        {
          "uuid": "d9423a3e-e833-4982-b1aa-f90b45afc090",
          "title": "Login e registro de usuários no AluraPic",
          "fullFile": "",
          "file": "",
          "beforeHooks": [],
          "afterHooks": [],
          "tests": [
            {
              "title": "verifica mensagens de validação",
              "fullTitle": "Login e registro de usuários no AluraPic verifica mensagens de validação",
              "timedOut": null,
              "duration": 3857,
              "state": "passed",
              "speed": "fast",
              "pass": true,
              "fail": false,
              "pending": false,
              "context": null,
              "code": "cy.contains('a', 'Register now').click();\ncy.contains('button', 'Register').click();\ncy.contains('ap-vmessage', 'Email is required!').should('be.visible');\ncy.contains('button', 'Register').click();\ncy.contains('ap-vmessage', 'User name is required!').should('be.visible');\ncy.contains('ap-vmessage', 'Password is required!').should('be.visible');\ncy.contains('ap-vmessage', 'Full name is required!').should('be.visible');",
              "err": {},
              "uuid": "b0fe05c2-3590-4765-94a9-4a924fa0304b",
              "parentUUID": "d9423a3e-e833-4982-b1aa-f90b45afc090",
              "isHook": false,
              "skipped": false
            },
            {
              "title": "verifica mensagens de email invalido",
              "fullTitle": "Login e registro de usuários no AluraPic verifica mensagens de email invalido",
              "timedOut": null,
              "duration": 2151,
              "state": "passed",
              "speed": "fast",
              "pass": true,
              "fail": false,
              "pending": false,
              "context": null,
              "code": "cy.contains('a', 'Register now').click();\ncy.contains('button', 'Register').click();\ncy.get('input[formcontrolname=\"email\"]').type('lucas');\ncy.contains('ap-vmessage', 'Invalid e-mail').should('be.visible');",
              "err": {},
              "uuid": "67864870-e2a4-42e2-a677-0879fe4e5d0b",
              "parentUUID": "d9423a3e-e833-4982-b1aa-f90b45afc090",
              "isHook": false,
              "skipped": false
            },
            {
              "title": "verifica mensagens de full name poucos caracteres",
              "fullTitle": "Login e registro de usuários no AluraPic verifica mensagens de full name poucos caracteres",
              "timedOut": null,
              "duration": 1843,
              "state": "passed",
              "speed": "fast",
              "pass": true,
              "fail": false,
              "pending": false,
              "context": null,
              "code": "cy.contains('a', 'Register now').click();\ncy.get('input[formcontrolname=\"fullName\"]').type('l');\ncy.contains('button', 'Register').click();\ncy.contains('ap-vmessage', 'Mininum length is 2').should('be.visible');",
              "err": {},
              "uuid": "41848fdc-8521-443e-a1d2-00f9ac77d104",
              "parentUUID": "d9423a3e-e833-4982-b1aa-f90b45afc090",
              "isHook": false,
              "skipped": false
            },
            {
              "title": "verifica mensagens de user name poucos caracteres",
              "fullTitle": "Login e registro de usuários no AluraPic verifica mensagens de user name poucos caracteres",
              "timedOut": null,
              "duration": 1798,
              "state": "passed",
              "speed": "fast",
              "pass": true,
              "fail": false,
              "pending": false,
              "context": null,
              "code": "cy.contains('a', 'Register now').click();\ncy.get('input[formcontrolname=\"userName\"]').type('l');\ncy.contains('button', 'Register').click();\ncy.contains('ap-vmessage', 'Mininum length is 2').should('be.visible');",
              "err": {},
              "uuid": "01277ff7-fb5c-4b5b-9fae-e4633d809637",
              "parentUUID": "d9423a3e-e833-4982-b1aa-f90b45afc090",
              "isHook": false,
              "skipped": false
            },
            {
              "title": "verifica mensagens de password poucos caracteres",
              "fullTitle": "Login e registro de usuários no AluraPic verifica mensagens de password poucos caracteres",
              "timedOut": null,
              "duration": 1832,
              "state": "passed",
              "speed": "fast",
              "pass": true,
              "fail": false,
              "pending": false,
              "context": null,
              "code": "cy.contains('a', 'Register now').click();\ncy.get('input[formcontrolname=\"password\"]').type('l');\ncy.contains('button', 'Register').click();\ncy.contains('ap-vmessage', 'Mininum length is 8').should('be.visible');",
              "err": {},
              "uuid": "1895c794-5b86-4249-a794-b84b2b6b78b0",
              "parentUUID": "d9423a3e-e833-4982-b1aa-f90b45afc090",
              "isHook": false,
              "skipped": false
            },
            {
              "title": "verifica usuario ja criado",
              "fullTitle": "Login e registro de usuários no AluraPic verifica usuario ja criado",
              "timedOut": null,
              "duration": 3310,
              "state": "passed",
              "speed": "fast",
              "pass": true,
              "fail": false,
              "pending": false,
              "context": null,
              "code": "cy.contains('a', 'Register now').click();\ncy.get('input[formcontrolname=\"userName\"]').type('flavio');\ncy.contains('button', 'Register').click();\ncy.contains('ap-vmessage', 'Username already taken').should('be.visible');",
              "err": {},
              "uuid": "1472f4bc-f447-4b63-af1f-c7f14171ee6e",
              "parentUUID": "d9423a3e-e833-4982-b1aa-f90b45afc090",
              "isHook": false,
              "skipped": false
            },
            {
              "title": "verifica usuario maiúsculas",
              "fullTitle": "Login e registro de usuários no AluraPic verifica usuario maiúsculas",
              "timedOut": null,
              "duration": 1792,
              "state": "passed",
              "speed": "fast",
              "pass": true,
              "fail": false,
              "pending": false,
              "context": null,
              "code": "cy.contains('a', 'Register now').click();\ncy.get('input[formcontrolname=\"userName\"]').type('LUCAS');\ncy.contains('button', 'Register').click();\ncy.contains('ap-vmessage', 'Must be lower case').should('be.visible');",
              "err": {},
              "uuid": "c52f0588-30ce-4d71-af77-990196570de7",
              "parentUUID": "d9423a3e-e833-4982-b1aa-f90b45afc090",
              "isHook": false,
              "skipped": false
            }
          ],
          "suites": [],
          "passes": [
            "b0fe05c2-3590-4765-94a9-4a924fa0304b",
            "67864870-e2a4-42e2-a677-0879fe4e5d0b",
            "41848fdc-8521-443e-a1d2-00f9ac77d104",
            "01277ff7-fb5c-4b5b-9fae-e4633d809637",
            "1895c794-5b86-4249-a794-b84b2b6b78b0",
            "1472f4bc-f447-4b63-af1f-c7f14171ee6e",
            "c52f0588-30ce-4d71-af77-990196570de7"
          ],
          "failures": [],
          "pending": [],
          "skipped": [],
          "duration": 16583,
          "root": false,
          "rootEmpty": false,
          "_timeout": 2000
        }
      ],
      "passes": [],
      "failures": [],
      "pending": [],
      "skipped": [],
      "duration": 0,
      "root": true,
      "rootEmpty": true,
      "_timeout": 2000
    }
  ],
  "meta": {
    "mocha": {
      "version": "7.0.1"
    },
    "mochawesome": {
      "options": {
        "quiet": false,
        "reportFilename": "mochawesome",
        "saveHtml": true,
        "saveJson": true,
        "consoleReporter": "spec",
        "useInlineDiffs": false,
        "code": true
      },
      "version": "7.1.3"
    },
    "marge": {
      "options": null,
      "version": "6.2.0"
    }
  }
}